1667589723895	geckodriver	INFO	Listening on 127.0.0.1:59727
1667589726892	mozrunner::runner	INFO	Running command: "C:\\Program Files\\Firefox Developer Edition\\firefox.exe" "--marionette" "-foreground" "-no-remote" "-profile" "C:\\Users\\HP\\AppData\\Local\\Temp\\rust_mozprofilevEQpGY"
1667589727599	Marionette	INFO	Marionette enabled
1667589727611	Marionette	INFO	Listening on port 59736
1667589728439	RemoteAgent	WARN	TLS certificate errors will be ignored for this session
console.warn: SearchSettings: "get: No settings file exists, new profile?" (new NotFoundError("Could not open the file at C:\\Users\\HP\\AppData\\Local\\Temp\\rust_mozprofilevEQpGY\\search.json.mozlz4", (void 0)))
1667589760272	Marionette	INFO	Stopped listening on port 59736
7589736734	mozrunner::runner	INFO	Running command: "C:\\Program Files\\Firefox Developer Edition\\firefox.exe" "--marionette" "-foreground" "-no-remote" "-profile" "C:\\Users\\HP\\AppData\\Local\\Temp\\rust_mozprofileUiZBvy"
1667589737485	Marionette	INFO	Marionette enabled
1667589737498	Marionette	INFO	Listening on port 59880
1667589738307	RemoteAgent	WARN	TLS certificate errors will be ignored for this session
console.warn: SearchSettings: "get: No settings file exists, new profile?" (new NotFoundError("Could not open the file at C:\\Users\\HP\\AppData\\Local\\Temp\\rust_mozprofileUiZBvy\\search.json.mozlz4", (void 0)))
1667589780694	Marionette	INFO	Stopped listening on port 59880
JavaScript error: chrome://remote/content/marionette/cert.sys.mjs, line 51: NS_ERROR_NOT_AVAILABLE: Component returned failure code: 0x80040111 (NS_ERROR_NOT_AVAILABLE) [nsICertOverrideService.setDisableAllSecurityChecksAndLetAttackersInterceptMyData]
1667589851270	geckodriver	INFO	Listening on 127.0.0.1:60405
1667589854325	mozrunner::runner	INFO	Running command: "C:\\Program Files\\Firefox Developer Edition\\firefox.exe" "--marionette" "-foreground" "-no-remote" "-profile" "C:\\Users\\HP\\AppData\\Local\\Temp\\rust_mozprofileGQcxWs"
1667589854978	Marionette	INFO	Marionette enabled
1667589854987	Marionette	INFO	Listening on port 60414
1667589856045	RemoteAgent	WARN	TLS certificate errors will be ignored for this session
console.warn: SearchSettings: "get: No settings file exists, new profile?" (new NotFoundError("Could not open the file at C:\\Users\\HP\\AppData\\Local\\Temp\\rust_mozprofileGQcxWs\\search.json.mozlz4", (void 0)))
1667589900244	Marionette	INFO	Stopped listening on port 60414
7589862148	mozrunner::runner	INFO	Running command: "C:\\Program Files\\Firefox Developer Edition\\firefox.exe" "--marionette" "-foreground" "-no-remote" "-profile" "C:\\Users\\HP\\AppData\\Local\\Temp\\rust_mozprofileK8JmUL"
1667589862659	Marionette	INFO	Marionette enabled
1667589862668	Marionette	INFO	Listening on port 60543
1667589863468	RemoteAgent	WARN	TLS certificate errors will be ignored for this session
console.warn: SearchSettings: "get: No settings file exists, new profile?" (new NotFoundError("Could not open the file at C:\\Users\\HP\\AppData\\Local\\Temp\\rust_mozprofileK8JmUL\\search.json.mozlz4", (void 0)))
1667589899187	Marionette	INFO	Stopped listening on port 60543
JavaScript error: chrome://remote/content/marionette/cert.sys.mjs, line 51: NS_ERROR_NOT_AVAILABLE: Component returned failure code: 0x80040111 (NS_ERROR_NOT_AVAILABLE) [nsICertOverrideService.setDisableAllSecurityChecksAndLetAttackersInterceptMyData]
[Parent 10004, IPC I/O Parent] WARNING: DuplicateHandle failed for handle 0 in TransferHandles: file /builds/worker/checkouts/gecko/ipc/chromium/src/chrome/common/ipc_channel_win.cc:746
1667589923436	geckodriver	INFO	Listening on 127.0.0.1:60847
1667589926460	mozrunner::runner	INFO	Running command: "C:\\Program Files\\Firefox Developer Edition\\firefox.exe" "--marionette" "-foreground" "-no-remote" "-profile" "C:\\Users\\HP\\AppData\\Local\\Temp\\rust_mozprofiled4QyAB"
1667589926998	Marionette	INFO	Marionette enabled
1667589927007	Marionette	INFO	Listening on port 60859
1667589927950	RemoteAgent	WARN	TLS certificate errors will be ignored for this session
console.warn: SearchSettings: "get: No settings file exists, new profile?" (new NotFoundError("Could not open the file at C:\\Users\\HP\\AppData\\Local\\Temp\\rust_mozprofiled4QyAB\\search.json.mozlz4", (void 0)))
console.error: Region.jsm: "Error fetching region" (new Error("TIMEOUT", "resource://gre/modules/Region.sys.mjs", 763))
console.error: Region.jsm: "Failed to fetch region" (new Error("TIMEOUT", "resource://gre/modules/Region.sys.mjs", 415))
1667589944284	Marionette	INFO	Stopped listening on port 60859
JavaScript error: chrome://remote/content/marionette/cert.sys.mjs, line 51: NS_ERROR_NOT_AVAILABLE: Component returned failure code: 0x80040111 (NS_ERROR_NOT_AVAILABLE) [nsICertOverrideService.setDisableAllSecurityChecksAndLetAttackersInterceptMyData]
[Parent 10536, IPC I/O Parent] WARNING: file /builds/worker/checkouts/gecko/ipc/chromium/src/base/process_util_win.cc:167
1667589999432	geckodriver	INFO	Listening on 127.0.0.1:60883
1667590002455	mozrunner::runner	INFO	Running command: "C:\\Program Files\\Firefox Developer Edition\\firefox.exe" "--marionette" "-foreground" "-no-remote" "-profile" "C:\\Users\\HP\\AppData\\Local\\Temp\\rust_mozprofileZ9X2EX"
1667590002993	Marionette	INFO	Marionette enabled
1667590003002	Marionette	INFO	Listening on port 60891
1667590003698	RemoteAgent	WARN	TLS certificate errors will be ignored for this session
console.warn: SearchSettings: "get: No settings file exists, new profile?" (new NotFoundError("Could not open the file at C:\\Users\\HP\\AppData\\Local\\Temp\\rust_mozprofileZ9X2EX\\search.json.mozlz4", (void 0)))
1667590366729	Marionette	INFO	Stopped listening on port 60891
7590012046	mozrunner::runner	INFO	Running command: "C:\\Program Files\\Firefox Developer Edition\\firefox.exe" "--marionette" "-foreground" "-no-remote" "-profile" "C:\\Users\\HP\\AppData\\Local\\Temp\\rust_mozprofile2PSdif"
1667590012594	Marionette	INFO	Marionette enabled
1667590012604	Marionette	INFO	Listening on port 61026
1667590013311	RemoteAgent	WARN	TLS certificate errors will be ignored for this session
console.warn: SearchSettings: "get: No settings file exists, new profile?" (new NotFoundError("Could not open the file at C:\\Users\\HP\\AppData\\Local\\Temp\\rust_mozprofile2PSdif\\search.json.mozlz4", (void 0)))
Shutting down due to socket process crash.
1667590275522	geckodriver	INFO	Listening on 127.0.0.1:62051
1667590278546	mozrunner::runner	INFO	Running command: "C:\\Program Files\\Firefox Developer Edition\\firefox.exe" "--marionette" "-foreground" "-no-remote" "-profile" "C:\\Users\\HP\\AppData\\Local\\Temp\\rust_mozprofileyColOM"
1667590279142	Marionette	INFO	Marionette enabled
1667590279150	Marionette	INFO	Listening on port 62060
1667590279844	RemoteAgent	WARN	TLS certificate errors will be ignored for this session
console.warn: SearchSettings: "get: No settings file exists, new profile?" (new NotFoundError("Could not open the file at C:\\Users\\HP\\AppData\\Local\\Temp\\rust_mozprofileyColOM\\search.json.mozlz4", (void 0)))
1667590303450	Marionette	INFO	Stopped listening on port 62060
7590286195	mozrunner::runner	INFO	Running command: "C:\\Program Files\\Firefox Developer Edition\\firefox.exe" "--marionette" "-foreground" "-no-remote" "-profile" "C:\\Users\\HP\\AppData\\Local\\Temp\\rust_mozprofilePr94qd"
1667590286725	Marionette	INFO	Marionette enabled
1667590286734	Marionette	INFO	Listening on port 62156
1667590287533	RemoteAgent	WARN	TLS certificate errors will be ignored for this session
console.warn: SearchSettings: "get: No settings file exists, new profile?" (new NotFoundError("Could not open the file at C:\\Users\\HP\\AppData\\Local\\Temp\\rust_mozprofilePr94qd\\search.json.mozlz4", (void 0)))
1667590301614	Marionette	INFO	Stopped listening on port 62156
JavaScript error: chrome://remote/content/marionette/cert.sys.mjs, line 51: NS_ERROR_NOT_AVAILABLE: Component returned failure code: 0x80040111 (NS_ERROR_NOT_AVAILABLE) [nsICertOverrideService.setDisableAllSecurityChecksAndLetAttackersInterceptMyData]
1667591102540	geckodriver	INFO	Listening on 127.0.0.1:62555
1667591105579	mozrunner::runner	INFO	Running command: "C:\\Program Files\\Firefox Developer Edition\\firefox.exe" "--marionette" "-foreground" "-no-remote" "-profile" "C:\\Users\\HP\\AppData\\Local\\Temp\\rust_mozprofileIWe6ZG"
1667591106159	Marionette	INFO	Marionette enabled
1667591106168	Marionette	INFO	Listening on port 62564
1667591107297	RemoteAgent	WARN	TLS certificate errors will be ignored for this session
console.warn: SearchSettings: "get: No settings file exists, new profile?" (new NotFoundError("Could not open the file at C:\\Users\\HP\\AppData\\Local\\Temp\\rust_mozprofileIWe6ZG\\search.json.mozlz4", (void 0)))
1667591114540	Marionette	INFO	Stopped listening on port 62564
JavaScript error: chrome://remote/content/marionette/cert.sys.mjs, line 51: NS_ERROR_NOT_AVAILABLE: Component returned failure code: 0x80040111 (NS_ERROR_NOT_AVAILABLE) [nsICertOverrideService.setDisableAllSecurityChecksAndLetAttackersInterceptMyData]
